build/app/intermediates/manifest_merge_blame_file/debug/manifest-merger-blame-debug-report.txt
1<?xml version="1.0" encoding="utf-8"?>
2<manifest xmlns:android="http://schemas.android.com/apk/res/android"
3    package="com.example.CgpaCalculator"
4    android:versionCode="1"
5    android:versionName="1.0.0" >
6
7    <uses-sdk
8        android:minSdkVersion="21"
9        android:targetSdkVersion="28" />
10    <!--
11         Flutter needs it to communicate with the running application
12         to allow setting breakpoints, to provide hot reload, etc.
13    -->
14    <uses-permission android:name="android.permission.INTERNET" />
14-->src/debug/AndroidManifest.xml:6:5-66
14-->src/debug/AndroidManifest.xml:6:22-64
15    <uses-permission android:name="android.permission.ACCESS_NETWORK_STATE" />
15-->[:firebase_analytics] AndroidManifest.xml:7:5-79
15-->[:firebase_analytics] AndroidManifest.xml:7:22-76
16    <uses-permission android:name="android.permission.WAKE_LOCK" /> <!-- Required by older versions of Google Play services to create IID tokens -->
16-->[:firebase_analytics] AndroidManifest.xml:9:5-68
16-->[:firebase_analytics] AndroidManifest.xml:9:22-65
17    <uses-permission android:name="com.google.android.c2dm.permission.RECEIVE" />
17-->[com.google.firebase:firebase-iid:19.0.0] AndroidManifest.xml:26:5-82
17-->[com.google.firebase:firebase-iid:19.0.0] AndroidManifest.xml:26:22-79
18    <uses-permission android:name="com.google.android.finsky.permission.BIND_GET_INSTALL_REFERRER_SERVICE" />
18-->[com.google.android.gms:play-services-measurement:17.0.0] AndroidManifest.xml:26:5-110
18-->[com.google.android.gms:play-services-measurement:17.0.0] AndroidManifest.xml:26:22-107
19    <!--
20 io.flutter.app.FlutterApplication is an android.app.Application that
21         calls FlutterMain.startInitialization(this); in its onCreate method.
22         In most cases you can leave this as-is, but you if you want to provide
23         additional functionality it is fine to subclass or reimplement
24         FlutterApplication and put your custom class here.
25    -->
26    <application
26-->src/main/AndroidManifest.xml:8:5-46:19
27        android:name="io.flutter.app.FlutterApplication"
27-->src/main/AndroidManifest.xml:9:9-57
28        android:appComponentFactory="androidx.core.app.CoreComponentFactory"
28-->[androidx.core:core:1.1.0] AndroidManifest.xml:24:18-86
29        android:debuggable="true"
30        android:icon="@mipmap/ic_launcher"
30-->src/main/AndroidManifest.xml:11:9-43
31        android:label="CgpaCalculator" >
31-->src/main/AndroidManifest.xml:10:9-39
32        <activity
32-->src/main/AndroidManifest.xml:12:9-40:20
33            android:name="com.example.CgpaCalculator.MainActivity"
33-->src/main/AndroidManifest.xml:13:13-41
34            android:configChanges="orientation|keyboardHidden|keyboard|screenSize|smallestScreenSize|locale|layoutDirection|fontScale|screenLayout|density|uiMode"
34-->src/main/AndroidManifest.xml:16:13-163
35            android:hardwareAccelerated="true"
35-->src/main/AndroidManifest.xml:17:13-47
36            android:launchMode="singleTop"
36-->src/main/AndroidManifest.xml:14:13-43
37            android:theme="@style/LaunchTheme"
37-->src/main/AndroidManifest.xml:15:13-47
38            android:windowSoftInputMode="adjustResize" >
38-->src/main/AndroidManifest.xml:18:13-55
39
40            <!--
41                 Specifies an Android theme to apply to this Activity as soon as
42                 the Android process has started. This theme is visible to the user
43                 while the Flutter UI initializes. After that, this theme continues
44                 to determine the Window background behind the Flutter UI.
45            -->
46            <meta-data
46-->src/main/AndroidManifest.xml:23:13-26:17
47                android:name="io.flutter.embedding.android.NormalTheme"
47-->src/main/AndroidManifest.xml:24:15-70
48                android:resource="@style/NormalTheme" />
48-->src/main/AndroidManifest.xml:25:15-52
49            <!--
50                 Displays an Android View that continues showing the launch screen
51                 Drawable until Flutter paints its first frame, then this splash
52                 screen fades out. A splash screen is useful to avoid any visual
53                 gap between the end of Android's launch screen and the painting of
54                 Flutter's first frame.
55            -->
56            <meta-data
56-->src/main/AndroidManifest.xml:32:13-35:17
57                android:name="io.flutter.embedding.android.SplashScreenDrawable"
57-->src/main/AndroidManifest.xml:33:15-79
58                android:resource="@drawable/launch_background" />
58-->src/main/AndroidManifest.xml:34:15-61
59
60            <intent-filter>
60-->src/main/AndroidManifest.xml:36:13-39:29
61                <action android:name="android.intent.action.MAIN" />
61-->src/main/AndroidManifest.xml:37:17-68
61-->src/main/AndroidManifest.xml:37:25-66
62
63                <category android:name="android.intent.category.LAUNCHER" />
63-->src/main/AndroidManifest.xml:38:17-76
63-->src/main/AndroidManifest.xml:38:27-74
64            </intent-filter>
65        </activity>
66        <!--
67             Don't delete the meta-data below.
68             This is used by the Flutter tool to generate GeneratedPluginRegistrant.java
69        -->
70        <meta-data
70-->src/main/AndroidManifest.xml:43:9-45:33
71            android:name="flutterEmbedding"
71-->src/main/AndroidManifest.xml:44:13-44
72            android:value="2" />
72-->src/main/AndroidManifest.xml:45:13-30
73
74        <service
74-->[:firebase_auth] AndroidManifest.xml:8:9-12:19
75            android:name="com.google.firebase.components.ComponentDiscoveryService"
75-->[:firebase_auth] AndroidManifest.xml:8:18-89
76            android:directBootAware="true"
76-->[com.google.firebase:firebase-common:19.3.0] AndroidManifest.xml:34:13-43
77            android:exported="false" >
77-->[com.google.firebase:firebase-auth:19.2.0] AndroidManifest.xml:35:13-37
78            <meta-data
78-->[:firebase_auth] AndroidManifest.xml:9:13-11:85
79                android:name="com.google.firebase.components:io.flutter.plugins.firebaseauth.FlutterFirebaseAppRegistrar"
79-->[:firebase_auth] AndroidManifest.xml:10:17-122
80                android:value="com.google.firebase.components.ComponentRegistrar" />
80-->[:firebase_auth] AndroidManifest.xml:11:17-82
81            <meta-data
81-->[:cloud_firestore] AndroidManifest.xml:9:13-11:85
82                android:name="com.google.firebase.components:io.flutter.plugins.firebase.cloudfirestore.FlutterFirebaseAppRegistrar"
82-->[:cloud_firestore] AndroidManifest.xml:10:17-133
83                android:value="com.google.firebase.components.ComponentRegistrar" />
83-->[:cloud_firestore] AndroidManifest.xml:11:17-82
84            <meta-data
84-->[:firebase_core] AndroidManifest.xml:9:13-11:85
85                android:name="com.google.firebase.components:io.flutter.plugins.firebase.core.FlutterFirebaseAppRegistrar"
85-->[:firebase_core] AndroidManifest.xml:10:17-123
86                android:value="com.google.firebase.components.ComponentRegistrar" />
86-->[:firebase_core] AndroidManifest.xml:11:17-82
87            <meta-data
87-->[:firebase_analytics] AndroidManifest.xml:13:13-15:85
88                android:name="com.google.firebase.components:io.flutter.plugins.firebaseanalytics.FlutterFirebaseAppRegistrar"
88-->[:firebase_analytics] AndroidManifest.xml:14:17-127
89                android:value="com.google.firebase.components.ComponentRegistrar" />
89-->[:firebase_analytics] AndroidManifest.xml:15:17-82
90            <meta-data
90-->[com.google.firebase:firebase-auth:19.2.0] AndroidManifest.xml:36:13-38:85
91                android:name="com.google.firebase.components:com.google.firebase.auth.FirebaseAuthRegistrar"
91-->[com.google.firebase:firebase-auth:19.2.0] AndroidManifest.xml:37:17-109
92                android:value="com.google.firebase.components.ComponentRegistrar" />
92-->[com.google.firebase:firebase-auth:19.2.0] AndroidManifest.xml:38:17-82
93            <meta-data
93-->[com.google.firebase:firebase-firestore:21.3.0] AndroidManifest.xml:20:13-22:85
94                android:name="com.google.firebase.components:com.google.firebase.firestore.FirestoreRegistrar"
94-->[com.google.firebase:firebase-firestore:21.3.0] AndroidManifest.xml:21:17-111
95                android:value="com.google.firebase.components.ComponentRegistrar" />
95-->[com.google.firebase:firebase-firestore:21.3.0] AndroidManifest.xml:22:17-82
96            <meta-data
96-->[com.google.android.gms:play-services-measurement-api:17.0.0] AndroidManifest.xml:30:13-32:85
97                android:name="com.google.firebase.components:com.google.firebase.analytics.connector.internal.AnalyticsConnectorRegistrar"
97-->[com.google.android.gms:play-services-measurement-api:17.0.0] AndroidManifest.xml:31:17-139
98                android:value="com.google.firebase.components.ComponentRegistrar" />
98-->[com.google.android.gms:play-services-measurement-api:17.0.0] AndroidManifest.xml:32:17-82
99            <meta-data
99-->[com.google.firebase:firebase-iid:19.0.0] AndroidManifest.xml:32:13-34:85
100                android:name="com.google.firebase.components:com.google.firebase.iid.Registrar"
100-->[com.google.firebase:firebase-iid:19.0.0] AndroidManifest.xml:33:17-96
101                android:value="com.google.firebase.components.ComponentRegistrar" />
101-->[com.google.firebase:firebase-iid:19.0.0] AndroidManifest.xml:34:17-82
102        </service>
103
104        <activity
104-->[com.google.firebase:firebase-auth:19.2.0] AndroidManifest.xml:24:9-31:50
105            android:name="com.google.firebase.auth.internal.FederatedSignInActivity"
105-->[com.google.firebase:firebase-auth:19.2.0] AndroidManifest.xml:25:13-85
106            android:excludeFromRecents="true"
106-->[com.google.firebase:firebase-auth:19.2.0] AndroidManifest.xml:26:13-46
107            android:exported="true"
107-->[com.google.firebase:firebase-auth:19.2.0] AndroidManifest.xml:27:13-36
108            android:launchMode="singleTask"
108-->[com.google.firebase:firebase-auth:19.2.0] AndroidManifest.xml:28:13-44
109            android:permission="com.google.firebase.auth.api.gms.permission.LAUNCH_FEDERATED_SIGN_IN"
109-->[com.google.firebase:firebase-auth:19.2.0] AndroidManifest.xml:29:13-102
110            android:theme="@android:style/Theme.Translucent.NoTitleBar" />
110-->[com.google.firebase:firebase-auth:19.2.0] AndroidManifest.xml:30:13-72
111        <activity
111-->[com.google.android.gms:play-services-auth:16.0.1] AndroidManifest.xml:23:9-27:75
112            android:name="com.google.android.gms.auth.api.signin.internal.SignInHubActivity"
112-->[com.google.android.gms:play-services-auth:16.0.1] AndroidManifest.xml:24:13-93
113            android:excludeFromRecents="true"
113-->[com.google.android.gms:play-services-auth:16.0.1] AndroidManifest.xml:25:13-46
114            android:exported="false"
114-->[com.google.android.gms:play-services-auth:16.0.1] AndroidManifest.xml:26:13-37
115            android:theme="@android:style/Theme.Translucent.NoTitleBar" />
115-->[com.google.android.gms:play-services-auth:16.0.1] AndroidManifest.xml:27:13-72
116        <!--
117            Service handling Google Sign-In user revocation. For apps that do not integrate with
118            Google Sign-In, this service will never be started.
119        -->
120        <service
120-->[com.google.android.gms:play-services-auth:16.0.1] AndroidManifest.xml:33:9-36:110
121            android:name="com.google.android.gms.auth.api.signin.RevocationBoundService"
121-->[com.google.android.gms:play-services-auth:16.0.1] AndroidManifest.xml:34:13-89
122            android:exported="true"
122-->[com.google.android.gms:play-services-auth:16.0.1] AndroidManifest.xml:35:13-36
123            android:permission="com.google.android.gms.auth.api.signin.permission.REVOCATION_NOTIFICATION" />
123-->[com.google.android.gms:play-services-auth:16.0.1] AndroidManifest.xml:36:13-107
124
125        <receiver
125-->[com.google.firebase:firebase-iid:19.0.0] AndroidManifest.xml:37:9-44:20
126            android:name="com.google.firebase.iid.FirebaseInstanceIdReceiver"
126-->[com.google.firebase:firebase-iid:19.0.0] AndroidManifest.xml:38:13-78
127            android:exported="true"
127-->[com.google.firebase:firebase-iid:19.0.0] AndroidManifest.xml:39:13-36
128            android:permission="com.google.android.c2dm.permission.SEND" >
128-->[com.google.firebase:firebase-iid:19.0.0] AndroidManifest.xml:40:13-73
129            <intent-filter>
129-->[com.google.firebase:firebase-iid:19.0.0] AndroidManifest.xml:41:13-43:29
130                <action android:name="com.google.android.c2dm.intent.RECEIVE" />
130-->[com.google.firebase:firebase-iid:19.0.0] AndroidManifest.xml:42:17-81
130-->[com.google.firebase:firebase-iid:19.0.0] AndroidManifest.xml:42:25-78
131            </intent-filter>
132        </receiver>
133
134        <provider
134-->[com.google.firebase:firebase-common:19.3.0] AndroidManifest.xml:26:9-30:39
135            android:name="com.google.firebase.provider.FirebaseInitProvider"
135-->[com.google.firebase:firebase-common:19.3.0] AndroidManifest.xml:27:13-77
136            android:authorities="com.example.CgpaCalculator.firebaseinitprovider"
136-->[com.google.firebase:firebase-common:19.3.0] AndroidManifest.xml:28:13-72
137            android:exported="false"
137-->[com.google.firebase:firebase-common:19.3.0] AndroidManifest.xml:29:13-37
138            android:initOrder="100" />
138-->[com.google.firebase:firebase-common:19.3.0] AndroidManifest.xml:30:13-36
139
140        <receiver
140-->[com.google.android.gms:play-services-measurement:17.0.0] AndroidManifest.xml:29:9-33:20
141            android:name="com.google.android.gms.measurement.AppMeasurementReceiver"
141-->[com.google.android.gms:play-services-measurement:17.0.0] AndroidManifest.xml:30:13-85
142            android:enabled="true"
142-->[com.google.android.gms:play-services-measurement:17.0.0] AndroidManifest.xml:31:13-35
143            android:exported="false" >
143-->[com.google.android.gms:play-services-measurement:17.0.0] AndroidManifest.xml:32:13-37
144        </receiver>
145        <receiver
145-->[com.google.android.gms:play-services-measurement:17.0.0] AndroidManifest.xml:34:9-42:20
146            android:name="com.google.android.gms.measurement.AppMeasurementInstallReferrerReceiver"
146-->[com.google.android.gms:play-services-measurement:17.0.0] AndroidManifest.xml:35:13-100
147            android:enabled="true"
147-->[com.google.android.gms:play-services-measurement:17.0.0] AndroidManifest.xml:36:13-35
148            android:exported="true"
148-->[com.google.android.gms:play-services-measurement:17.0.0] AndroidManifest.xml:37:13-36
149            android:permission="android.permission.INSTALL_PACKAGES" >
149-->[com.google.android.gms:play-services-measurement:17.0.0] AndroidManifest.xml:38:13-69
150            <intent-filter>
150-->[com.google.android.gms:play-services-measurement:17.0.0] AndroidManifest.xml:39:13-41:29
151                <action android:name="com.android.vending.INSTALL_REFERRER" />
151-->[com.google.android.gms:play-services-measurement:17.0.0] AndroidManifest.xml:40:17-79
151-->[com.google.android.gms:play-services-measurement:17.0.0] AndroidManifest.xml:40:25-76
152            </intent-filter>
153        </receiver>
154
155        <service
155-->[com.google.android.gms:play-services-measurement:17.0.0] AndroidManifest.xml:44:9-47:40
156            android:name="com.google.android.gms.measurement.AppMeasurementService"
156-->[com.google.android.gms:play-services-measurement:17.0.0] AndroidManifest.xml:45:13-84
157            android:enabled="true"
157-->[com.google.android.gms:play-services-measurement:17.0.0] AndroidManifest.xml:46:13-35
158            android:exported="false" />
158-->[com.google.android.gms:play-services-measurement:17.0.0] AndroidManifest.xml:47:13-37
159        <service
159-->[com.google.android.gms:play-services-measurement:17.0.0] AndroidManifest.xml:48:9-52:72
160            android:name="com.google.android.gms.measurement.AppMeasurementJobService"
160-->[com.google.android.gms:play-services-measurement:17.0.0] AndroidManifest.xml:49:13-87
161            android:enabled="true"
161-->[com.google.android.gms:play-services-measurement:17.0.0] AndroidManifest.xml:50:13-35
162            android:exported="false"
162-->[com.google.android.gms:play-services-measurement:17.0.0] AndroidManifest.xml:51:13-37
163            android:permission="android.permission.BIND_JOB_SERVICE" />
163-->[com.google.android.gms:play-services-measurement:17.0.0] AndroidManifest.xml:52:13-69
164
165        <activity
165-->[com.google.android.gms:play-services-base:17.1.0] AndroidManifest.xml:23:9-26:75
166            android:name="com.google.android.gms.common.api.GoogleApiActivity"
166-->[com.google.android.gms:play-services-base:17.1.0] AndroidManifest.xml:24:13-79
167            android:exported="false"
167-->[com.google.android.gms:play-services-base:17.1.0] AndroidManifest.xml:25:13-37
168            android:theme="@android:style/Theme.Translucent.NoTitleBar" />
168-->[com.google.android.gms:play-services-base:17.1.0] AndroidManifest.xml:26:13-72
169
170        <meta-data
170-->[com.google.android.gms:play-services-basement:17.0.0] AndroidManifest.xml:23:9-25:69
171            android:name="com.google.android.gms.version"
171-->[com.google.android.gms:play-services-basement:17.0.0] AndroidManifest.xml:24:13-58
172            android:value="@integer/google_play_services_version" />
172-->[com.google.android.gms:play-services-basement:17.0.0] AndroidManifest.xml:25:13-66
173    </application>
174
175</manifest>